Configuring clock-0.7.2...
Preprocessing library for clock-0.7.2..
Clock.hsc:44:9: warning: 'hsc_alignment' macro redefined [-Wmacro-redefined]
#define hsc_alignment(t ) hsc_printf ( "%lu", (unsigned long)offsetof(struct {char x__; t (y__); }, y__));
        ^
/Users/lukasz.dycjan/.stack/programs/x86_64-osx/ghc-8.2.2/lib/ghc-8.2.2/template-hsc.h:91:9: note: previous definition is here
#define hsc_alignment(x...)                                           \
        ^
1 warning generated.
Building library for clock-0.7.2..
[1 of 1] Compiling System.Clock     ( .stack-work/dist/x86_64-osx/Cabal-2.0.1.0/build/System/Clock.hs, .stack-work/dist/x86_64-osx/Cabal-2.0.1.0/build/System/Clock.o )

System/Clock.hsc:136:1: warning: [-Wincomplete-patterns]
    Pattern match(es) are non-exhaustive
    In an equation for ‘clockToConst’:
        Patterns not matched: MonotonicRaw
    |
136 | clockToConst Monotonic = #const SYSTEM_CLOCK
    | ^^^^^^^^^^^^^^^^^^^^^^^^^^^^^^^^^^^^^^^^^^^^...
Installing library in /Users/lukasz.dycjan/.stack/snapshots/x86_64-osx/lts-11.2/8.2.2/lib/x86_64-osx-ghc-8.2.2/clock-0.7.2-7eenmRf30tW97adCwu2PN3
Registering library for clock-0.7.2..
