Configuring easy-file-0.2.1...
Preprocessing library for easy-file-0.2.1..
Building library for easy-file-0.2.1..
[1 of 4] Compiling System.EasyFile.Directory ( System/EasyFile/Directory.hs, .stack-work/dist/x86_64-osx/Cabal-2.0.1.0/build/System/EasyFile/Directory.o )

System/EasyFile/Directory.hs:37:1: warning: [-Wunused-imports]
    The import of ‘Control.Applicative’ is redundant
      except perhaps to import instances from ‘Control.Applicative’
    To import instances alone, use: import Control.Applicative()
   |
37 | import Control.Applicative
   | ^^^^^^^^^^^^^^^^^^^^^^^^^^
[2 of 4] Compiling System.EasyFile.FilePath ( System/EasyFile/FilePath.hs, .stack-work/dist/x86_64-osx/Cabal-2.0.1.0/build/System/EasyFile/FilePath.o )
[3 of 4] Compiling System.EasyFile.Missing ( System/EasyFile/Missing.hs, .stack-work/dist/x86_64-osx/Cabal-2.0.1.0/build/System/EasyFile/Missing.o )

System/EasyFile/Missing.hs:7:1: warning: [-Wunused-imports]
    The import of ‘Control.Applicative’ is redundant
      except perhaps to import instances from ‘Control.Applicative’
    To import instances alone, use: import Control.Applicative()
  |
7 | import Control.Applicative
  | ^^^^^^^^^^^^^^^^^^^^^^^^^^
[4 of 4] Compiling System.EasyFile  ( System/EasyFile.hs, .stack-work/dist/x86_64-osx/Cabal-2.0.1.0/build/System/EasyFile.o )
Installing library in /Users/lukasz.dycjan/.stack/snapshots/x86_64-osx/lts-11.2/8.2.2/lib/x86_64-osx-ghc-8.2.2/easy-file-0.2.1-5b8TLyPnfnyBZsfKKpqnpK
Registering library for easy-file-0.2.1..
